2022-12-22 19:36:48,739;Capella;6.0.0.202209090800;Open+Session;Flight_Simulator.aird;;
2022-12-22 19:37:03,885;Capella;6.0.0.202209090800;Open+Session;Flight_Simulator.aird;OK;
2022-12-22 19:37:25,415;Capella;6.0.0.202209090800;Open+Representation;;;
2022-12-22 19:37:28,067;Capella;6.0.0.202209090800;Open+Representation;;OK;
2022-12-22 19:37:34,168;Capella;6.0.0.202209090800;Open+Representation;;;
2022-12-22 19:37:34,745;Capella;6.0.0.202209090800;Open+Representation;;OK;
2022-12-22 19:43:47,432;Capella;6.0.0.202209090800;Open+Representation;;;
2022-12-22 19:43:48,103;Capella;6.0.0.202209090800;Open+Representation;;OK;
2023-01-05 14:45:15,115;Capella;6.0.0.202209090800;Open+Representation;;;
2023-01-05 14:45:16,195;Capella;6.0.0.202209090800;Open+Representation;;OK;
2023-01-05 17:22:57,630;Capella;6.0.0.202209090800;Create+Representation;Class+Diagram+Blank;;361ffa04-f384-42e7-8063-5a8bc042b633
2023-01-05 17:22:59,095;Capella;6.0.0.202209090800;Create+Representation;Class+Diagram+Blank;;361ffa04-f384-42e7-8063-5a8bc042b633
2023-01-05 17:22:59,119;Capella;6.0.0.202209090800;Create+Representation;Class+Diagram+Blank;OK;361ffa04-f384-42e7-8063-5a8bc042b633
2023-01-05 17:23:00,095;Capella;6.0.0.202209090800;Create+Representation;Class+Diagram+Blank;OK;361ffa04-f384-42e7-8063-5a8bc042b633
2023-01-07 21:29:21,050;Capella;6.0.0.202209090800;Open+Session;Flight_Simulator.aird;;
2023-01-07 21:29:24,336;Capella;6.0.0.202209090800;Open+Session;Flight_Simulator.aird;OK;
2023-01-07 21:38:40,370;Capella;6.0.0.202209090800;Open+Representation;;;
2023-01-07 21:38:43,372;Capella;6.0.0.202209090800;Open+Representation;;OK;
2023-01-07 21:38:59,931;Capella;6.0.0.202209090800;Open+Representation;;;
2023-01-07 21:39:01,079;Capella;6.0.0.202209090800;Open+Representation;;OK;
2023-01-07 22:38:45,842;Capella;6.0.0.202209090800;Open+Representation;;;
2023-01-07 22:38:48,404;Capella;6.0.0.202209090800;Open+Representation;;OK;
2023-01-08 01:30:05,657;Capella;6.0.0.202209090800;Open+Representation;;;
2023-01-08 01:30:06,468;Capella;6.0.0.202209090800;Open+Representation;;OK;
2023-01-08 01:31:39,387;Capella;6.0.0.202209090800;Transition;Actor+Transition;;
2023-01-08 01:32:09,311;Capella;6.0.0.202209090800;Transition;Actor+Transition;OK;
2023-01-08 01:32:28,112;Capella;6.0.0.202209090800;Transition;Functional+Transition;;
2023-01-08 01:32:40,998;Capella;6.0.0.202209090800;Transition;Functional+Transition;ERROR;
2023-01-08 01:32:50,477;Capella;6.0.0.202209090800;Open+Representation;;;
2023-01-08 01:32:51,028;Capella;6.0.0.202209090800;Open+Representation;;OK;
2023-01-08 01:33:33,685;Capella;6.0.0.202209090800;Transition;Operational+Entity+to+System+Actor+Transition;;
2023-01-08 01:33:57,615;Capella;6.0.0.202209090800;Transition;Operational+Entity+to+System+Actor+Transition;ERROR;
2023-01-08 01:34:22,330;Capella;6.0.0.202209090800;Open+Representation;;;
2023-01-08 01:34:22,458;Capella;6.0.0.202209090800;Open+Representation;;OK;
2023-01-08 04:46:58,683;Capella;6.0.0.202209090800;Transition;Functional+Transition;;
2023-01-08 04:47:01,939;Capella;6.0.0.202209090800;Transition;Functional+Transition;ERROR;
2023-01-08 04:47:27,395;Capella;6.0.0.202209090800;Open+Representation;;;
2023-01-08 04:47:28,135;Capella;6.0.0.202209090800;Open+Representation;;OK;
